<?xml version="1.0" encoding="UTF-8"?>
<!-- Generated by org.testng.reporters.JUnitReportReporter -->
<testsuite hostname="DESKTOP-RQ6NMQQ" failures="0" tests="4" name="api.test.UserTestRoutes" time="7.425" errors="0" timestamp="2024-10-30T17:39:51 IST" skipped="0">
  <testcase classname="api.test.UserTestRoutes" name="testCreateUser" time="1.495"/>
  <testcase classname="api.test.UserTestRoutes" name="testGetUser" time="1.535"/>
  <testcase classname="api.test.UserTestRoutes" name="testUpdateUser" time="2.862"/>
  <testcase classname="api.test.UserTestRoutes" name="testDeleteUserByName" time="1.533"/>
</testsuite> <!-- api.test.UserTestRoutes -->
