<?xml version="1.0" encoding="UTF-8"?>
<!-- Generated by org.testng.reporters.JUnitReportReporter -->
<testsuite hostname="DESKTOP-RQ6NMQQ" failures="0" tests="4" name="api.test.UserTest" time="9.619" errors="0" timestamp="2024-10-30T17:39:51 IST" skipped="0">
  <testcase classname="api.test.UserTest" name="testCreateUser" time="3.499"/>
  <testcase classname="api.test.UserTest" name="testGetUser" time="1.561"/>
  <testcase classname="api.test.UserTest" name="testUpdateUser" time="3.026"/>
  <testcase classname="api.test.UserTest" name="testDeleteUserByName" time="1.533"/>
</testsuite> <!-- api.test.UserTest -->
