<?xml version="1.0" encoding="UTF-8"?>
<!-- Generated by org.testng.reporters.JUnitReportReporter -->
<testsuite hostname="DESKTOP-RQ6NMQQ" failures="0" tests="4" name="api.test.UserTest" time="9.075" errors="0" timestamp="2024-10-30T18:06:35 IST" skipped="0">
  <testcase classname="api.test.UserTest" name="testCreateUser" time="2.904"/>
  <testcase classname="api.test.UserTest" name="testGetUser" time="1.513"/>
  <testcase classname="api.test.UserTest" name="testUpdateUser" time="3.125"/>
  <testcase classname="api.test.UserTest" name="testDeleteUserByName" time="1.533"/>
</testsuite> <!-- api.test.UserTest -->
