<?xml version="1.0" encoding="UTF-8"?>
<!-- Generated by org.testng.reporters.JUnitReportReporter -->
<testsuite hostname="DESKTOP-RQ6NMQQ" failures="0" tests="4" name="api.test.UserTestRoutes" time="7.335" errors="0" timestamp="2024-10-30T18:06:35 IST" skipped="0">
  <testcase classname="api.test.UserTestRoutes" name="testCreateUser" time="1.504"/>
  <testcase classname="api.test.UserTestRoutes" name="testGetUser" time="1.433"/>
  <testcase classname="api.test.UserTestRoutes" name="testUpdateUser" time="2.966"/>
  <testcase classname="api.test.UserTestRoutes" name="testDeleteUserByName" time="1.432"/>
</testsuite> <!-- api.test.UserTestRoutes -->
